<?xml version="1.0" encoding="UTF-8"?>
<!-- Generated by org.testng.reporters.JUnitXMLReporter -->
<testsuite ignored="0" hostname="LAP14641s-MacBook-Pro.local" failures="0" tests="2" name="Login Guest" time="53.342" errors="0" timestamp="2023-04-27T09:08:07 ICT">
  <testcase classname="test_case.feature.android.login.login_channel.LoginGuest" name="SDK246_verifyLoginGuestChannel" time="13.353"/>
  <testcase classname="test_case.feature.android.login.login_channel.LoginGuest" name="SDK249_verifyExitHomeWhileLogin" time="23.852"/>
</testsuite> <!-- Login Guest -->
